[2025-07-29T04:46:03.058+0000] {local_task_job_runner.py:120} INFO - ::group::Pre task execution logs
[2025-07-29T04:46:03.110+0000] {taskinstance.py:2076} INFO - Dependencies all met for dep_context=non-requeueable deps ti=<TaskInstance: ml_pipeline_docker.run_pipeline manual__2025-07-29T04:46:01.464331+00:00 [queued]>
[2025-07-29T04:46:03.117+0000] {taskinstance.py:2076} INFO - Dependencies all met for dep_context=requeueable deps ti=<TaskInstance: ml_pipeline_docker.run_pipeline manual__2025-07-29T04:46:01.464331+00:00 [queued]>
[2025-07-29T04:46:03.117+0000] {taskinstance.py:2306} INFO - Starting attempt 1 of 1
[2025-07-29T04:46:03.126+0000] {taskinstance.py:2330} INFO - Executing <Task(DockerOperator): run_pipeline> on 2025-07-29 04:46:01.464331+00:00
[2025-07-29T04:46:03.136+0000] {standard_task_runner.py:90} INFO - Running: ['***', 'tasks', 'run', 'ml_pipeline_docker', 'run_pipeline', 'manual__2025-07-29T04:46:01.464331+00:00', '--job-id', '4', '--raw', '--subdir', 'DAGS_FOLDER/ml_pipeline_docker.py', '--cfg-path', '/tmp/tmp_vzl5sq3']
[2025-07-29T04:46:03.141+0000] {logging_mixin.py:188} WARNING - /home/***/.local/lib/python3.12/site-packages/***/task/task_runner/standard_task_runner.py:62 DeprecationWarning: This process (pid=200) is multi-threaded, use of fork() may lead to deadlocks in the child.
[2025-07-29T04:46:03.141+0000] {standard_task_runner.py:91} INFO - Job 4: Subtask run_pipeline
[2025-07-29T04:46:03.142+0000] {standard_task_runner.py:64} INFO - Started process 201 to run task
[2025-07-29T04:46:03.158+0000] {logging_mixin.py:188} WARNING - /home/***/.local/lib/python3.12/site-packages/***/settings.py:195 DeprecationWarning: The sql_alchemy_conn option in [core] has been moved to the sql_alchemy_conn option in [database] - the old setting has been used, but please update your config.
[2025-07-29T04:46:03.181+0000] {task_command.py:426} INFO - Running <TaskInstance: ml_pipeline_docker.run_pipeline manual__2025-07-29T04:46:01.464331+00:00 [running]> on host 27a057d5fe3a
[2025-07-29T04:46:03.247+0000] {taskinstance.py:2648} INFO - Exporting env vars: AIRFLOW_CTX_DAG_OWNER='***' AIRFLOW_CTX_DAG_ID='ml_pipeline_docker' AIRFLOW_CTX_TASK_ID='run_pipeline' AIRFLOW_CTX_EXECUTION_DATE='2025-07-29T04:46:01.464331+00:00' AIRFLOW_CTX_TRY_NUMBER='1' AIRFLOW_CTX_DAG_RUN_ID='manual__2025-07-29T04:46:01.464331+00:00'
[2025-07-29T04:46:03.247+0000] {taskinstance.py:430} INFO - ::endgroup::
[2025-07-29T04:46:03.395+0000] {docker.py:367} INFO - Starting docker container from image ac112e6b40ed278155f9ba01f3d16c384cac5674e1cea62f7c67f4cda328a01b-ml-pipeline
[2025-07-29T04:46:03.421+0000] {docker.py:375} WARNING - Using remote engine or docker-in-docker and mounting temporary volume from host is not supported. Falling back to `mount_tmp_dir=False` mode. You can set `mount_tmp_dir` parameter to False to disable mounting and remove the warning
[2025-07-29T04:46:24.862+0000] {docker.py:438} INFO - [I 2025-07-29 04:46:24,852] A new study created in memory with name: no-name-c0715d7a-9cf8-48f2-9b12-33dcbe31028c
[2025-07-29T04:46:25.890+0000] {docker.py:438} INFO - [I 2025-07-29 04:46:25,889] Trial 0 finished with value: 15.135303628093968 and parameters: {'learning_rate': 0.025175323754870752, 'max_depth': 10, 'n_estimators': 168, 'subsample': 0.5649860997915896, 'colsample_bytree': 0.5994991966440939}. Best is trial 0 with value: 15.135303628093968.
[2025-07-29T04:46:27.036+0000] {docker.py:438} INFO - [I 2025-07-29 04:46:27,031] Trial 1 finished with value: 13.78076733309292 and parameters: {'learning_rate': 0.025398575591493208, 'max_depth': 8, 'n_estimators': 244, 'subsample': 0.9066494005287904, 'colsample_bytree': 0.9288899418314378}. Best is trial 1 with value: 13.78076733309292.
[2025-07-29T04:46:27.196+0000] {docker.py:438} INFO - [I 2025-07-29 04:46:27,196] Trial 2 finished with value: 11.771415916048749 and parameters: {'learning_rate': 0.27903081378757, 'max_depth': 5, 'n_estimators': 183, 'subsample': 0.9390722952832968, 'colsample_bytree': 0.9818057963288508}. Best is trial 2 with value: 11.771415916048749.
[2025-07-29T04:46:27.245+0000] {docker.py:438} INFO - [I 2025-07-29 04:46:27,245] Trial 3 finished with value: 14.971753651522175 and parameters: {'learning_rate': 0.12311578945297297, 'max_depth': 4, 'n_estimators': 81, 'subsample': 0.8436272919569502, 'colsample_bytree': 0.8293899906839842}. Best is trial 2 with value: 11.771415916048749.
[2025-07-29T04:46:27.970+0000] {docker.py:438} INFO - [I 2025-07-29 04:46:27,968] Trial 4 finished with value: 11.861173509318803 and parameters: {'learning_rate': 0.16250826503018478, 'max_depth': 7, 'n_estimators': 205, 'subsample': 0.6825491093019953, 'colsample_bytree': 0.7625493648823003}. Best is trial 2 with value: 11.771415916048749.
[2025-07-29T04:46:29.396+0000] {docker.py:438} INFO - [I 2025-07-29 04:46:29,394] Trial 5 finished with value: 12.874995575133935 and parameters: {'learning_rate': 0.18284113721209405, 'max_depth': 10, 'n_estimators': 299, 'subsample': 0.5912642253009905, 'colsample_bytree': 0.5888323160971103}. Best is trial 2 with value: 11.771415916048749.
[2025-07-29T04:46:29.557+0000] {docker.py:438} INFO - [I 2025-07-29 04:46:29,556] Trial 6 finished with value: 15.115731327413561 and parameters: {'learning_rate': 0.06487307039816857, 'max_depth': 7, 'n_estimators': 82, 'subsample': 0.6133400542324718, 'colsample_bytree': 0.7562002077812389}. Best is trial 2 with value: 11.771415916048749.
[2025-07-29T04:46:29.648+0000] {docker.py:438} INFO - [I 2025-07-29 04:46:29,647] Trial 7 finished with value: 13.415482151970942 and parameters: {'learning_rate': 0.24123805289891548, 'max_depth': 6, 'n_estimators': 58, 'subsample': 0.7118582972764835, 'colsample_bytree': 0.7502379605498932}. Best is trial 2 with value: 11.771415916048749.
[2025-07-29T04:46:29.925+0000] {docker.py:438} INFO - [I 2025-07-29 04:46:29,924] Trial 8 finished with value: 11.785834277957408 and parameters: {'learning_rate': 0.24960776531471696, 'max_depth': 5, 'n_estimators': 281, 'subsample': 0.7474108589319346, 'colsample_bytree': 0.7279053932362292}. Best is trial 2 with value: 11.771415916048749.
[2025-07-29T04:46:31.181+0000] {docker.py:438} INFO - [I 2025-07-29 04:46:31,178] Trial 9 finished with value: 12.496484706770563 and parameters: {'learning_rate': 0.2206167509790364, 'max_depth': 10, 'n_estimators': 282, 'subsample': 0.5019854337005556, 'colsample_bytree': 0.6332522250965051}. Best is trial 2 with value: 11.771415916048749.
[2025-07-29T04:46:31.259+0000] {docker.py:438} INFO - [I 2025-07-29 04:46:31,258] Trial 10 finished with value: 12.80205233409591 and parameters: {'learning_rate': 0.2793216604334105, 'max_depth': 3, 'n_estimators': 150, 'subsample': 0.9906376020425383, 'colsample_bytree': 0.9932722318488398}. Best is trial 2 with value: 11.771415916048749.
[2025-07-29T04:46:31.423+0000] {docker.py:438} INFO - [I 2025-07-29 04:46:31,423] Trial 11 finished with value: 11.451408664802827 and parameters: {'learning_rate': 0.2908166067487825, 'max_depth': 5, 'n_estimators': 230, 'subsample': 0.809010265826191, 'colsample_bytree': 0.8737392883573053}. Best is trial 11 with value: 11.451408664802827.
[2025-07-29T04:46:31.594+0000] {docker.py:438} INFO - [I 2025-07-29 04:46:31,593] Trial 12 finished with value: 11.26168164980007 and parameters: {'learning_rate': 0.2901847125873164, 'max_depth': 5, 'n_estimators': 212, 'subsample': 0.8392638104172606, 'colsample_bytree': 0.8999492258048868}. Best is trial 12 with value: 11.26168164980007.
[2025-07-29T04:46:31.688+0000] {docker.py:438} INFO - [I 2025-07-29 04:46:31,688] Trial 13 finished with value: 12.877201635119645 and parameters: {'learning_rate': 0.2964116613208345, 'max_depth': 3, 'n_estimators': 225, 'subsample': 0.8350008889502716, 'colsample_bytree': 0.8757362996171877}. Best is trial 12 with value: 11.26168164980007.
[2025-07-29T04:46:31.790+0000] {docker.py:438} INFO - [I 2025-07-29 04:46:31,789] Trial 14 finished with value: 12.688216625627854 and parameters: {'learning_rate': 0.19176450656508762, 'max_depth': 5, 'n_estimators': 133, 'subsample': 0.805621649761472, 'colsample_bytree': 0.8591140494131733}. Best is trial 12 with value: 11.26168164980007.
[2025-07-29T04:46:32.085+0000] {docker.py:438} INFO - [I 2025-07-29 04:46:32,085] Trial 15 finished with value: 12.380456018351724 and parameters: {'learning_rate': 0.1338113538782493, 'max_depth': 6, 'n_estimators': 250, 'subsample': 0.7802857125124764, 'colsample_bytree': 0.9140728769908024}. Best is trial 12 with value: 11.26168164980007.
[2025-07-29T04:46:32.194+0000] {docker.py:438} INFO - [I 2025-07-29 04:46:32,193] Trial 16 finished with value: 12.545721461496944 and parameters: {'learning_rate': 0.22228593004127295, 'max_depth': 4, 'n_estimators': 205, 'subsample': 0.8812495304493575, 'colsample_bytree': 0.5191070815488279}. Best is trial 12 with value: 11.26168164980007.
[2025-07-29T04:46:32.518+0000] {docker.py:438} INFO - [I 2025-07-29 04:46:32,517] Trial 17 finished with value: 12.088373337775723 and parameters: {'learning_rate': 0.29987427871013067, 'max_depth': 8, 'n_estimators': 121, 'subsample': 0.6621046851552493, 'colsample_bytree': 0.8179051813701264}. Best is trial 12 with value: 11.26168164980007.
[2025-07-29T04:46:32.699+0000] {docker.py:438} INFO - [I 2025-07-29 04:46:32,698] Trial 18 finished with value: 11.671524024709248 and parameters: {'learning_rate': 0.2544902951125784, 'max_depth': 4, 'n_estimators': 251, 'subsample': 0.7366927650602715, 'colsample_bytree': 0.9234812078827026}. Best is trial 12 with value: 11.26168164980007.
[2025-07-29T04:46:32.927+0000] {docker.py:438} INFO - [I 2025-07-29 04:46:32,927] Trial 19 finished with value: 12.327984503864956 and parameters: {'learning_rate': 0.20984973255871436, 'max_depth': 6, 'n_estimators': 195, 'subsample': 0.9631259614876477, 'colsample_bytree': 0.8079632649382079}. Best is trial 12 with value: 11.26168164980007.
[2025-07-29T04:46:33.730+0000] {docker.py:438} INFO - [I 2025-07-29 04:46:33,730] Trial 20 finished with value: 12.764494300678802 and parameters: {'learning_rate': 0.10775242396990636, 'max_depth': 8, 'n_estimators': 227, 'subsample': 0.8819692230658202, 'colsample_bytree': 0.6920192391158728}. Best is trial 12 with value: 11.26168164980007.
[2025-07-29T04:46:33.947+0000] {docker.py:438} INFO - [I 2025-07-29 04:46:33,946] Trial 21 finished with value: 12.462623157516797 and parameters: {'learning_rate': 0.2580385738348214, 'max_depth': 4, 'n_estimators': 256, 'subsample': 0.7557469010411361, 'colsample_bytree': 0.9343226984767989}. Best is trial 12 with value: 11.26168164980007.
[2025-07-29T04:46:34.086+0000] {docker.py:438} INFO - [I 2025-07-29 04:46:34,086] Trial 22 finished with value: 11.968680704817727 and parameters: {'learning_rate': 0.26806987936062077, 'max_depth': 4, 'n_estimators': 225, 'subsample': 0.8303358999905803, 'colsample_bytree': 0.8793872300990967}. Best is trial 12 with value: 11.26168164980007.
[2025-07-29T04:46:34.378+0000] {docker.py:438} INFO - [I 2025-07-29 04:46:34,378] Trial 23 finished with value: 11.353708769258166 and parameters: {'learning_rate': 0.2390273504072194, 'max_depth': 5, 'n_estimators': 266, 'subsample': 0.72393910986868, 'colsample_bytree': 0.9491929660120505}. Best is trial 12 with value: 11.26168164980007.
[2025-07-29T04:46:34.701+0000] {docker.py:438} INFO - [I 2025-07-29 04:46:34,701] Trial 24 finished with value: 11.134470955685654 and parameters: {'learning_rate': 0.23163887042719092, 'max_depth': 5, 'n_estimators': 280, 'subsample': 0.7949500976987075, 'colsample_bytree': 0.9636523574156648}. Best is trial 24 with value: 11.134470955685654.
[2025-07-29T04:46:35.053+0000] {docker.py:438} INFO - [I 2025-07-29 04:46:35,052] Trial 25 finished with value: 11.540749680658356 and parameters: {'learning_rate': 0.23586336350300705, 'max_depth': 6, 'n_estimators': 274, 'subsample': 0.7776502826002752, 'colsample_bytree': 0.9642121652063017}. Best is trial 24 with value: 11.134470955685654.
[2025-07-29T04:46:35.587+0000] {docker.py:438} INFO - [I 2025-07-29 04:46:35,586] Trial 26 finished with value: 11.587889196127268 and parameters: {'learning_rate': 0.2011430043018851, 'max_depth': 5, 'n_estimators': 297, 'subsample': 0.6988503467027398, 'colsample_bytree': 0.9991606656274361}. Best is trial 24 with value: 11.134470955685654.
[2025-07-29T04:46:36.057+0000] {docker.py:438} INFO - [I 2025-07-29 04:46:36,057] Trial 27 finished with value: 12.192274557853692 and parameters: {'learning_rate': 0.23158029622253595, 'max_depth': 7, 'n_estimators': 264, 'subsample': 0.8755017153687144, 'colsample_bytree': 0.9502886163801635}. Best is trial 24 with value: 11.134470955685654.
[2025-07-29T04:46:36.174+0000] {docker.py:438} INFO - [I 2025-07-29 04:46:36,173] Trial 28 finished with value: 13.378871442239316 and parameters: {'learning_rate': 0.17788031660259893, 'max_depth': 3, 'n_estimators': 271, 'subsample': 0.6559062620583384, 'colsample_bytree': 0.8954544592478361}. Best is trial 24 with value: 11.134470955685654.
[2025-07-29T04:46:36.301+0000] {docker.py:438} INFO - [I 2025-07-29 04:46:36,301] Trial 29 finished with value: 11.564560598092097 and parameters: {'learning_rate': 0.26894757862218294, 'max_depth': 5, 'n_estimators': 172, 'subsample': 0.6381905491595729, 'colsample_bytree': 0.8379575214615861}. Best is trial 24 with value: 11.134470955685654.
[2025-07-29T04:46:41.300+0000] {docker.py:438} INFO - [I 2025-07-29 04:46:41,298] A new study created in memory with name: no-name-0b39cb4f-b226-42a3-b5d8-bea6fb9b645d
[2025-07-29T04:46:41.486+0000] {docker.py:438} INFO - [I 2025-07-29 04:46:41,485] Trial 0 finished with value: 7.000743141804901 and parameters: {'learning_rate': 0.196803247843411, 'max_depth': 5, 'n_estimators': 230, 'subsample': 0.9052564803998793, 'colsample_bytree': 0.7380393623101182}. Best is trial 0 with value: 7.000743141804901.
[2025-07-29T04:46:42.225+0000] {docker.py:438} INFO - [I 2025-07-29 04:46:42,222] Trial 1 finished with value: 6.8408333522105345 and parameters: {'learning_rate': 0.16565648267706665, 'max_depth': 6, 'n_estimators': 284, 'subsample': 0.8296328711926558, 'colsample_bytree': 0.8762842215463974}. Best is trial 1 with value: 6.8408333522105345.
[2025-07-29T04:46:42.827+0000] {docker.py:438} INFO - [I 2025-07-29 04:46:42,824] Trial 2 finished with value: 7.346365336427945 and parameters: {'learning_rate': 0.2058283879662362, 'max_depth': 8, 'n_estimators': 211, 'subsample': 0.5969848729115496, 'colsample_bytree': 0.5433830080425932}. Best is trial 1 with value: 6.8408333522105345.
[2025-07-29T04:46:42.937+0000] {docker.py:438} INFO - [I 2025-07-29 04:46:42,936] Trial 3 finished with value: 6.190324662002239 and parameters: {'learning_rate': 0.05082734087017183, 'max_depth': 3, 'n_estimators': 281, 'subsample': 0.7249891111848993, 'colsample_bytree': 0.5027228028581266}. Best is trial 3 with value: 6.190324662002239.
[2025-07-29T04:46:43.956+0000] {docker.py:438} INFO - [I 2025-07-29 04:46:43,955] Trial 4 finished with value: 6.855296983496001 and parameters: {'learning_rate': 0.09404666667995518, 'max_depth': 10, 'n_estimators': 198, 'subsample': 0.8767651499309878, 'colsample_bytree': 0.6660342756253734}. Best is trial 3 with value: 6.190324662002239.
[2025-07-29T04:46:44.630+0000] {docker.py:438} INFO - [I 2025-07-29 04:46:44,629] Trial 5 finished with value: 6.910986490966724 and parameters: {'learning_rate': 0.13385484446345955, 'max_depth': 10, 'n_estimators': 122, 'subsample': 0.8693022555057891, 'colsample_bytree': 0.8821633750560561}. Best is trial 3 with value: 6.190324662002239.
[2025-07-29T04:46:44.798+0000] {docker.py:438} INFO - [I 2025-07-29 04:46:44,798] Trial 6 finished with value: 6.979424622213163 and parameters: {'learning_rate': 0.16246960959200843, 'max_depth': 5, 'n_estimators': 196, 'subsample': 0.7577588890345271, 'colsample_bytree': 0.9193665816775702}. Best is trial 3 with value: 6.190324662002239.
[2025-07-29T04:46:45.153+0000] {docker.py:438} INFO - [I 2025-07-29 04:46:45,152] Trial 7 finished with value: 7.062154977568312 and parameters: {'learning_rate': 0.1982062992142382, 'max_depth': 9, 'n_estimators': 119, 'subsample': 0.6172684250566567, 'colsample_bytree': 0.6939601385341968}. Best is trial 3 with value: 6.190324662002239.
[2025-07-29T04:46:45.879+0000] {docker.py:438} INFO - [I 2025-07-29 04:46:45,878] Trial 8 finished with value: 7.414489550823856 and parameters: {'learning_rate': 0.2284976007422103, 'max_depth': 10, 'n_estimators': 176, 'subsample': 0.579505978160225, 'colsample_bytree': 0.7147596048722382}. Best is trial 3 with value: 6.190324662002239.
[2025-07-29T04:46:46.310+0000] {docker.py:438} INFO - [I 2025-07-29 04:46:46,309] Trial 9 finished with value: 7.130123991486126 and parameters: {'learning_rate': 0.2908122985516744, 'max_depth': 5, 'n_estimators': 226, 'subsample': 0.9644707101780541, 'colsample_bytree': 0.7440826414747489}. Best is trial 3 with value: 6.190324662002239.
[2025-07-29T04:46:46.363+0000] {docker.py:438} INFO - [I 2025-07-29 04:46:46,362] Trial 10 finished with value: 9.98180158462869 and parameters: {'learning_rate': 0.02615092006004724, 'max_depth': 3, 'n_estimators': 58, 'subsample': 0.7009577731404184, 'colsample_bytree': 0.5524338388199013}. Best is trial 3 with value: 6.190324662002239.
[2025-07-29T04:46:46.518+0000] {docker.py:438} INFO - [I 2025-07-29 04:46:46,517] Trial 11 finished with value: 7.433640608069974 and parameters: {'learning_rate': 0.0118694952469727, 'max_depth': 3, 'n_estimators': 300, 'subsample': 0.7662462458207713, 'colsample_bytree': 0.9993981643328149}. Best is trial 3 with value: 6.190324662002239.
[2025-07-29T04:46:47.084+0000] {docker.py:438} INFO - [I 2025-07-29 04:46:47,083] Trial 12 finished with value: 6.594356396023835 and parameters: {'learning_rate': 0.07697434809305302, 'max_depth': 7, 'n_estimators': 300, 'subsample': 0.6950344305244391, 'colsample_bytree': 0.8420584923819068}. Best is trial 3 with value: 6.190324662002239.
[2025-07-29T04:46:47.787+0000] {docker.py:438} INFO - [I 2025-07-29 04:46:47,785] Trial 13 finished with value: 6.7012429133370786 and parameters: {'learning_rate': 0.07214098934024377, 'max_depth': 7, 'n_estimators': 263, 'subsample': 0.6779093173537531, 'colsample_bytree': 0.8310584071928355}. Best is trial 3 with value: 6.190324662002239.
[2025-07-29T04:46:48.157+0000] {docker.py:438} INFO - [I 2025-07-29 04:46:48,156] Trial 14 finished with value: 6.899450338634892 and parameters: {'learning_rate': 0.06917627314332657, 'max_depth': 7, 'n_estimators': 259, 'subsample': 0.5113605114596487, 'colsample_bytree': 0.6208359800966337}. Best is trial 3 with value: 6.190324662002239.
[2025-07-29T04:46:48.932+0000] {docker.py:438} INFO - [I 2025-07-29 04:46:48,929] Trial 15 finished with value: 6.711308478451418 and parameters: {'learning_rate': 0.1182966528039189, 'max_depth': 8, 'n_estimators': 248, 'subsample': 0.6863271136197668, 'colsample_bytree': 0.8023831421925471}. Best is trial 3 with value: 6.190324662002239.
[2025-07-29T04:46:49.097+0000] {docker.py:438} INFO - [I 2025-07-29 04:46:49,096] Trial 16 finished with value: 6.20581117039679 and parameters: {'learning_rate': 0.04752765332525013, 'max_depth': 4, 'n_estimators': 295, 'subsample': 0.8032376183470864, 'colsample_bytree': 0.5042459224617638}. Best is trial 3 with value: 6.190324662002239.
[2025-07-29T04:46:49.363+0000] {docker.py:438} INFO - [I 2025-07-29 04:46:49,361] Trial 17 finished with value: 6.260333580635977 and parameters: {'learning_rate': 0.04376080600015583, 'max_depth': 4, 'n_estimators': 140, 'subsample': 0.8025781353645672, 'colsample_bytree': 0.5112268573367386}. Best is trial 3 with value: 6.190324662002239.
[2025-07-29T04:46:49.608+0000] {docker.py:438} INFO - [I 2025-07-29 04:46:49,607] Trial 18 finished with value: 6.105003461078671 and parameters: {'learning_rate': 0.05002695752811274, 'max_depth': 4, 'n_estimators': 271, 'subsample': 0.9757345035942542, 'colsample_bytree': 0.6179255588187723}. Best is trial 18 with value: 6.105003461078671.
[2025-07-29T04:46:49.779+0000] {docker.py:438} INFO - [I 2025-07-29 04:46:49,778] Trial 19 finished with value: 6.595013216016277 and parameters: {'learning_rate': 0.11021167598384499, 'max_depth': 4, 'n_estimators': 269, 'subsample': 0.963427326181125, 'colsample_bytree': 0.6052025148625563}. Best is trial 18 with value: 6.105003461078671.
[2025-07-29T04:46:49.873+0000] {docker.py:438} INFO - [I 2025-07-29 04:46:49,873] Trial 20 finished with value: 6.198466447180166 and parameters: {'learning_rate': 0.044373079150789224, 'max_depth': 3, 'n_estimators': 238, 'subsample': 0.9153231195564966, 'colsample_bytree': 0.6053940504716183}. Best is trial 18 with value: 6.105003461078671.
[2025-07-29T04:46:49.977+0000] {docker.py:438} INFO - [I 2025-07-29 04:46:49,976] Trial 21 finished with value: 6.348603342608652 and parameters: {'learning_rate': 0.04123087366992415, 'max_depth': 3, 'n_estimators': 240, 'subsample': 0.9290153530810685, 'colsample_bytree': 0.601421930401727}. Best is trial 18 with value: 6.105003461078671.
[2025-07-29T04:46:50.080+0000] {docker.py:438} INFO - [I 2025-07-29 04:46:50,080] Trial 22 finished with value: 6.129991759435689 and parameters: {'learning_rate': 0.05808793321394584, 'max_depth': 3, 'n_estimators': 271, 'subsample': 0.9692059986786324, 'colsample_bytree': 0.6595700581997602}. Best is trial 18 with value: 6.105003461078671.
[2025-07-29T04:46:50.238+0000] {docker.py:438} INFO - [I 2025-07-29 04:46:50,238] Trial 23 finished with value: 6.500954451183283 and parameters: {'learning_rate': 0.09096028218385054, 'max_depth': 4, 'n_estimators': 278, 'subsample': 0.9936336710761667, 'colsample_bytree': 0.6574058777103475}. Best is trial 18 with value: 6.105003461078671.
[2025-07-29T04:46:50.337+0000] {docker.py:438} INFO - [I 2025-07-29 04:46:50,337] Trial 24 finished with value: 6.346598937790132 and parameters: {'learning_rate': 0.06253849541111639, 'max_depth': 3, 'n_estimators': 267, 'subsample': 0.9997566635608114, 'colsample_bytree': 0.5786608764059163}. Best is trial 18 with value: 6.105003461078671.
[2025-07-29T04:46:50.734+0000] {docker.py:438} INFO - [I 2025-07-29 04:46:50,733] Trial 25 finished with value: 7.558391103421064 and parameters: {'learning_rate': 0.01477641156564899, 'max_depth': 4, 'n_estimators': 164, 'subsample': 0.8433042423461841, 'colsample_bytree': 0.6510532210393939}. Best is trial 18 with value: 6.105003461078671.
[2025-07-29T04:46:50.808+0000] {docker.py:438} INFO - [I 2025-07-29 04:46:50,808] Trial 26 finished with value: 6.265324066291497 and parameters: {'learning_rate': 0.10160280240869089, 'max_depth': 5, 'n_estimators': 65, 'subsample': 0.9465489571410365, 'colsample_bytree': 0.5550192355532022}. Best is trial 18 with value: 6.105003461078671.
[2025-07-29T04:46:51.110+0000] {docker.py:438} INFO - [I 2025-07-29 04:46:51,109] Trial 27 finished with value: 6.55929103455219 and parameters: {'learning_rate': 0.1351463400982299, 'max_depth': 6, 'n_estimators': 218, 'subsample': 0.7221835872181595, 'colsample_bytree': 0.6948638541275951}. Best is trial 18 with value: 6.105003461078671.
[2025-07-29T04:46:51.274+0000] {docker.py:438} INFO - [I 2025-07-29 04:46:51,274] Trial 28 finished with value: 6.530957152400487 and parameters: {'learning_rate': 0.030229024753490374, 'max_depth': 3, 'n_estimators': 248, 'subsample': 0.8920381360549161, 'colsample_bytree': 0.6371738274685004}. Best is trial 18 with value: 6.105003461078671.
[2025-07-29T04:46:51.498+0000] {docker.py:438} INFO - [I 2025-07-29 04:46:51,496] Trial 29 finished with value: 6.2879684561518125 and parameters: {'learning_rate': 0.059730893537510245, 'max_depth': 4, 'n_estimators': 283, 'subsample': 0.846093003434171, 'colsample_bytree': 0.5304475752601698}. Best is trial 18 with value: 6.105003461078671.
[2025-07-29T04:46:55.243+0000] {docker.py:438} INFO - [I 2025-07-29 04:46:55,240] A new study created in memory with name: no-name-de36d88a-63ac-440a-bc24-3b15617251ac
[2025-07-29T04:46:56.612+0000] {docker.py:438} INFO - [I 2025-07-29 04:46:56,606] Trial 0 finished with value: 8.488817471890304 and parameters: {'learning_rate': 0.21832542799737065, 'max_depth': 8, 'n_estimators': 300, 'subsample': 0.673723310874782, 'colsample_bytree': 0.5251823397149323}. Best is trial 0 with value: 8.488817471890304.
[2025-07-29T04:46:58.691+0000] {docker.py:438} INFO - [I 2025-07-29 04:46:58,683] Trial 1 finished with value: 8.126564784051231 and parameters: {'learning_rate': 0.18029833373496149, 'max_depth': 9, 'n_estimators': 281, 'subsample': 0.6139286340843384, 'colsample_bytree': 0.8315267306694651}. Best is trial 1 with value: 8.126564784051231.
[2025-07-29T04:46:58.889+0000] {docker.py:438} INFO - [I 2025-07-29 04:46:58,888] Trial 2 finished with value: 8.865514208171144 and parameters: {'learning_rate': 0.17498575234777317, 'max_depth': 4, 'n_estimators': 200, 'subsample': 0.902243494526753, 'colsample_bytree': 0.6509458852395943}. Best is trial 1 with value: 8.126564784051231.
[2025-07-29T04:46:59.748+0000] {docker.py:438} INFO - [I 2025-07-29 04:46:59,748] Trial 3 finished with value: 8.619670743151104 and parameters: {'learning_rate': 0.08875100928386032, 'max_depth': 10, 'n_estimators': 79, 'subsample': 0.8270500492739126, 'colsample_bytree': 0.7966936992490418}. Best is trial 1 with value: 8.126564784051231.
[2025-07-29T04:46:59.937+0000] {docker.py:438} INFO - [I 2025-07-29 04:46:59,936] Trial 4 finished with value: 8.450054855997122 and parameters: {'learning_rate': 0.12314721142400238, 'max_depth': 6, 'n_estimators': 154, 'subsample': 0.5413131188551672, 'colsample_bytree': 0.6827431658681603}. Best is trial 1 with value: 8.126564784051231.
[2025-07-29T04:47:00.137+0000] {docker.py:438} INFO - [I 2025-07-29 04:47:00,137] Trial 5 finished with value: 9.201860938286744 and parameters: {'learning_rate': 0.04997177373964168, 'max_depth': 4, 'n_estimators': 227, 'subsample': 0.9485574840662083, 'colsample_bytree': 0.7686166717244107}. Best is trial 1 with value: 8.126564784051231.
[2025-07-29T04:47:00.194+0000] {docker.py:438} INFO - [I 2025-07-29 04:47:00,194] Trial 6 finished with value: 9.032898996992195 and parameters: {'learning_rate': 0.21890338467511844, 'max_depth': 4, 'n_estimators': 71, 'subsample': 0.9307335293431318, 'colsample_bytree': 0.9983183688307316}. Best is trial 1 with value: 8.126564784051231.
[2025-07-29T04:47:00.567+0000] {docker.py:438} INFO - [I 2025-07-29 04:47:00,566] Trial 7 finished with value: 8.792689448111958 and parameters: {'learning_rate': 0.15165479502859794, 'max_depth': 8, 'n_estimators': 135, 'subsample': 0.9960229731728958, 'colsample_bytree': 0.9985480665043274}. Best is trial 1 with value: 8.126564784051231.
[2025-07-29T04:47:00.968+0000] {docker.py:438} INFO - [I 2025-07-29 04:47:00,968] Trial 8 finished with value: 8.515928453928884 and parameters: {'learning_rate': 0.13461056959992818, 'max_depth': 8, 'n_estimators': 136, 'subsample': 0.9255955384394323, 'colsample_bytree': 0.8942532124774384}. Best is trial 1 with value: 8.126564784051231.
[2025-07-29T04:47:01.209+0000] {docker.py:438} INFO - [I 2025-07-29 04:47:01,208] Trial 9 finished with value: 8.736109173699232 and parameters: {'learning_rate': 0.09879640176469419, 'max_depth': 5, 'n_estimators': 218, 'subsample': 0.6372728604071778, 'colsample_bytree': 0.7415831098045522}. Best is trial 1 with value: 8.126564784051231.
[2025-07-29T04:47:03.974+0000] {docker.py:438} INFO - [I 2025-07-29 04:47:03,969] Trial 10 finished with value: 8.429329159344874 and parameters: {'learning_rate': 0.25785747042812995, 'max_depth': 10, 'n_estimators': 295, 'subsample': 0.5121679527926789, 'colsample_bytree': 0.8633887389120866}. Best is trial 1 with value: 8.126564784051231.
[2025-07-29T04:47:06.073+0000] {docker.py:438} INFO - [I 2025-07-29 04:47:06,071] Trial 11 finished with value: 9.16419843740422 and parameters: {'learning_rate': 0.2974271171391311, 'max_depth': 10, 'n_estimators': 296, 'subsample': 0.5006303443622713, 'colsample_bytree': 0.8778668672948294}. Best is trial 1 with value: 8.126564784051231.
[2025-07-29T04:47:07.136+0000] {docker.py:438} INFO - [I 2025-07-29 04:47:07,135] Trial 12 finished with value: 8.99211467118743 and parameters: {'learning_rate': 0.29434657832693545, 'max_depth': 9, 'n_estimators': 264, 'subsample': 0.607305148517493, 'colsample_bytree': 0.8729385133432233}. Best is trial 1 with value: 8.126564784051231.
[2025-07-29T04:47:08.896+0000] {docker.py:438} INFO - [I 2025-07-29 04:47:08,895] Trial 13 finished with value: 8.630557947011255 and parameters: {'learning_rate': 0.23898764062745223, 'max_depth': 10, 'n_estimators': 263, 'subsample': 0.7528774666380638, 'colsample_bytree': 0.8271557152124226}. Best is trial 1 with value: 8.126564784051231.
[2025-07-29T04:47:09.594+0000] {docker.py:438} INFO - [I 2025-07-29 04:47:09,592] Trial 14 finished with value: 8.058780709977123 and parameters: {'learning_rate': 0.1890149095491494, 'max_depth': 7, 'n_estimators': 253, 'subsample': 0.5758866914192781, 'colsample_bytree': 0.9301202557602477}. Best is trial 14 with value: 8.058780709977123.
[2025-07-29T04:47:10.384+0000] {docker.py:438} INFO - [I 2025-07-29 04:47:10,383] Trial 15 finished with value: 8.250615686072237 and parameters: {'learning_rate': 0.19134907582800328, 'max_depth': 7, 'n_estimators': 248, 'subsample': 0.7083386446499952, 'colsample_bytree': 0.938534205838754}. Best is trial 14 with value: 8.058780709977123.
[2025-07-29T04:47:10.789+0000] {docker.py:438} INFO - [I 2025-07-29 04:47:10,788] Trial 16 finished with value: 12.297966539879578 and parameters: {'learning_rate': 0.013414111416381574, 'max_depth': 6, 'n_estimators': 178, 'subsample': 0.5963706556814495, 'colsample_bytree': 0.9377869285206717}. Best is trial 14 with value: 8.058780709977123.
[2025-07-29T04:47:11.204+0000] {docker.py:438} INFO - [I 2025-07-29 04:47:11,203] Trial 17 finished with value: 8.274196004425084 and parameters: {'learning_rate': 0.19142433825223634, 'max_depth': 7, 'n_estimators': 244, 'subsample': 0.7727986505255683, 'colsample_bytree': 0.7004834831475217}. Best is trial 14 with value: 8.058780709977123.
[2025-07-29T04:47:12.112+0000] {docker.py:438} INFO - [I 2025-07-29 04:47:12,110] Trial 18 finished with value: 8.294124122652377 and parameters: {'learning_rate': 0.17219277774194866, 'max_depth': 9, 'n_estimators': 266, 'subsample': 0.5717561387087278, 'colsample_bytree': 0.606128468077058}. Best is trial 14 with value: 8.058780709977123.
[2025-07-29T04:47:12.470+0000] {docker.py:438} INFO - [I 2025-07-29 04:47:12,469] Trial 19 finished with value: 9.031393669046752 and parameters: {'learning_rate': 0.26273178853880613, 'max_depth': 3, 'n_estimators': 200, 'subsample': 0.6644086788062563, 'colsample_bytree': 0.9490307297926204}. Best is trial 14 with value: 8.058780709977123.
[2025-07-29T04:47:12.983+0000] {docker.py:438} INFO - [I 2025-07-29 04:47:12,982] Trial 20 finished with value: 8.292163142885014 and parameters: {'learning_rate': 0.10016032850982216, 'max_depth': 9, 'n_estimators': 104, 'subsample': 0.8071643512230738, 'colsample_bytree': 0.8010658661872427}. Best is trial 14 with value: 8.058780709977123.
[2025-07-29T04:47:13.544+0000] {docker.py:438} INFO - [I 2025-07-29 04:47:13,543] Trial 21 finished with value: 7.8700780145797085 and parameters: {'learning_rate': 0.19860875509768766, 'max_depth': 7, 'n_estimators': 245, 'subsample': 0.6965160761584508, 'colsample_bytree': 0.9448644016539884}. Best is trial 21 with value: 7.8700780145797085.
[2025-07-29T04:47:14.200+0000] {docker.py:438} INFO - [I 2025-07-29 04:47:14,200] Trial 22 finished with value: 7.887272377515416 and parameters: {'learning_rate': 0.212819734096758, 'max_depth': 7, 'n_estimators': 278, 'subsample': 0.6928177078223502, 'colsample_bytree': 0.917554189822375}. Best is trial 21 with value: 7.8700780145797085.
[2025-07-29T04:47:15.008+0000] {docker.py:438} INFO - [I 2025-07-29 04:47:15,008] Trial 23 finished with value: 8.014886167325134 and parameters: {'learning_rate': 0.2123111493105768, 'max_depth': 7, 'n_estimators': 231, 'subsample': 0.7012047367389275, 'colsample_bytree': 0.9210366340506412}. Best is trial 21 with value: 7.8700780145797085.
[2025-07-29T04:47:15.376+0000] {docker.py:438} INFO - [I 2025-07-29 04:47:15,375] Trial 24 finished with value: 8.035050851513224 and parameters: {'learning_rate': 0.2181595003123497, 'max_depth': 6, 'n_estimators': 232, 'subsample': 0.7180039145264678, 'colsample_bytree': 0.9631098768210294}. Best is trial 21 with value: 7.8700780145797085.
[2025-07-29T04:47:15.842+0000] {docker.py:438} INFO - [I 2025-07-29 04:47:15,838] Trial 25 finished with value: 8.627726007781366 and parameters: {'learning_rate': 0.24496905489317905, 'max_depth': 5, 'n_estimators': 198, 'subsample': 0.704042015217485, 'colsample_bytree': 0.9046487862317738}. Best is trial 21 with value: 7.8700780145797085.
[2025-07-29T04:47:16.366+0000] {docker.py:438} INFO - [I 2025-07-29 04:47:16,366] Trial 26 finished with value: 8.2268212115688 and parameters: {'learning_rate': 0.22030062542468629, 'max_depth': 7, 'n_estimators': 215, 'subsample': 0.8001747476964145, 'colsample_bytree': 0.851410835976857}. Best is trial 21 with value: 7.8700780145797085.
[2025-07-29T04:47:17.246+0000] {docker.py:438} INFO - [I 2025-07-29 04:47:17,244] Trial 27 finished with value: 8.74539923973125 and parameters: {'learning_rate': 0.2729617376390846, 'max_depth': 8, 'n_estimators': 169, 'subsample': 0.8709108567129045, 'colsample_bytree': 0.9719040470644499}. Best is trial 21 with value: 7.8700780145797085.
[2025-07-29T04:47:18.121+0000] {docker.py:438} INFO - [I 2025-07-29 04:47:18,117] Trial 28 finished with value: 7.948494825777272 and parameters: {'learning_rate': 0.20623189208760176, 'max_depth': 5, 'n_estimators': 273, 'subsample': 0.661920193724575, 'colsample_bytree': 0.9166905758612163}. Best is trial 21 with value: 7.8700780145797085.
[2025-07-29T04:47:18.501+0000] {docker.py:438} INFO - [I 2025-07-29 04:47:18,500] Trial 29 finished with value: 8.6497190217803 and parameters: {'learning_rate': 0.15914359891855184, 'max_depth': 5, 'n_estimators': 280, 'subsample': 0.6584234912925492, 'colsample_bytree': 0.5380052031038667}. Best is trial 21 with value: 7.8700780145797085.
[2025-07-29T04:47:30.022+0000] {docker.py:438} INFO - 62%|============        | 1301/2088 [00:11<00:06]
[2025-07-29T04:47:31.008+0000] {docker.py:438} INFO - 68%|==============      | 1418/2088 [00:12<00:05]
[2025-07-29T04:47:32.008+0000] {docker.py:438} INFO - 75%|===============     | 1556/2088 [00:13<00:04]
[2025-07-29T04:47:33.002+0000] {docker.py:438} INFO - 80%|================    | 1680/2088 [00:14<00:03]
[2025-07-29T04:47:34.002+0000] {docker.py:438} INFO - 85%|=================   | 1784/2088 [00:15<00:02]
[2025-07-29T04:47:35.006+0000] {docker.py:438} INFO - 92%|==================  | 1921/2088 [00:16<00:01]
[2025-07-29T04:47:36.004+0000] {docker.py:438} INFO - 99%|===================| 2057/2088 [00:17<00:00]
[2025-07-29T04:47:36.866+0000] {docker.py:438} INFO - 🚀 Starting NO₂ prediction pipeline
[2025-07-29T04:47:36.867+0000] {docker.py:438} INFO -
[2025-07-29T04:47:36.867+0000] {docker.py:438} INFO - 1) Loading & preprocessing data...
[2025-07-29T04:47:36.868+0000] {docker.py:438} INFO -    ➤ Combined dataframe shape: (19256, 57)
[2025-07-29T04:47:36.868+0000] {docker.py:438} INFO - 2) Engineering lag, time, and HUC features...
[2025-07-29T04:47:36.868+0000] {docker.py:438} INFO -    ➤ After feature engineering: (19140, 60)
[2025-07-29T04:47:36.868+0000] {docker.py:438} INFO -
[2025-07-29T04:47:36.868+0000] {docker.py:438} INFO - 3) Splitting into pandemic periods...
[2025-07-29T04:47:36.868+0000] {docker.py:438} INFO -
[2025-07-29T04:47:36.868+0000] {docker.py:438} INFO - 🔹 Period: pre-pandemic
[2025-07-29T04:47:36.868+0000] {docker.py:438} INFO -    • Train shape: (3596, 60), Val shape: (928, 60)
[2025-07-29T04:47:36.869+0000] {docker.py:438} INFO -    • Naive baseline...
[2025-07-29T04:47:36.869+0000] {docker.py:438} INFO -       ↳ Naive metrics: {'MAE': 2.021372510072795, 'RMSE': 5.758001707692436, 'SMAPE': np.float64(3.3852697239057647)}
[2025-07-29T04:47:36.869+0000] {docker.py:438} INFO -    • Training XGBoost with Optuna...
[2025-07-29T04:47:36.869+0000] {docker.py:438} INFO -       ↳ XGBoost metrics: {'MAE': 6.079611159644581, 'RMSE': 9.969110286382808, 'SMAPE': np.float64(11.134470955685654)}
[2025-07-29T04:47:36.869+0000] {docker.py:438} INFO -       ↳ Top 10 SHAP features:
[2025-07-29T04:47:36.869+0000] {docker.py:438} INFO -          • month_num: 6.2400
[2025-07-29T04:47:36.869+0000] {docker.py:438} INFO -          • huc: 5.2267
[2025-07-29T04:47:36.870+0000] {docker.py:438} INFO -          • hiking_outdoor_trailheads: 2.7461
[2025-07-29T04:47:36.870+0000] {docker.py:438} INFO -          • public_transportation_non_terminals: 1.6788
[2025-07-29T04:47:36.870+0000] {docker.py:438} INFO -          • art_galleries_exhibition_halls: 1.3711
[2025-07-29T04:47:36.870+0000] {docker.py:438} INFO -          • hospitality_accommodation: 1.2069
[2025-07-29T04:47:36.870+0000] {docker.py:438} INFO -          • residential_buildings: 1.1132
[2025-07-29T04:47:36.870+0000] {docker.py:438} INFO -          • building_count: 1.0814
[2025-07-29T04:47:36.870+0000] {docker.py:438} INFO -          • pu_fuel_gas: 0.8503
[2025-07-29T04:47:36.871+0000] {docker.py:438} INFO -          • educational_support_research: 0.7473
[2025-07-29T04:47:36.871+0000] {docker.py:438} INFO -
[2025-07-29T04:47:36.871+0000] {docker.py:438} INFO - 🔹 Period: during-pandemic
[2025-07-29T04:47:36.871+0000] {docker.py:438} INFO -    • Train shape: (3944, 60), Val shape: (1160, 60)
[2025-07-29T04:47:36.871+0000] {docker.py:438} INFO -    • Naive baseline...
[2025-07-29T04:47:36.871+0000] {docker.py:438} INFO -       ↳ Naive metrics: {'MAE': 1.4986730644127548, 'RMSE': 3.5095827363302794, 'SMAPE': np.float64(2.439400454902389)}
[2025-07-29T04:47:36.871+0000] {docker.py:438} INFO -    • Training XGBoost with Optuna...
[2025-07-29T04:47:36.872+0000] {docker.py:438} INFO -       ↳ XGBoost metrics: {'MAE': 3.4148130698295547, 'RMSE': 4.938701814619363, 'SMAPE': np.float64(6.105003461078671)}
[2025-07-29T04:47:36.872+0000] {docker.py:438} INFO -       ↳ Top 10 SHAP features:
[2025-07-29T04:47:36.872+0000] {docker.py:438} INFO -          • huc: 3.1276
[2025-07-29T04:47:36.872+0000] {docker.py:438} INFO -          • public_transportation_non_terminals: 2.9207
[2025-07-29T04:47:36.872+0000] {docker.py:438} INFO -          • hiking_outdoor_trailheads: 2.6754
[2025-07-29T04:47:36.872+0000] {docker.py:438} INFO -          • waste_management_recycling: 2.4611
[2025-07-29T04:47:36.872+0000] {docker.py:438} INFO -          • educational_support_research: 1.5694
[2025-07-29T04:47:36.872+0000] {docker.py:438} INFO -          • agricultural_farming_facilities: 1.5345
[2025-07-29T04:47:36.873+0000] {docker.py:438} INFO -          • government_administrative_buildings: 1.1642
[2025-07-29T04:47:36.873+0000] {docker.py:438} INFO -          • hospitality_accommodation: 1.0747
[2025-07-29T04:47:36.873+0000] {docker.py:438} INFO -          • month_num: 1.0182
[2025-07-29T04:47:36.873+0000] {docker.py:438} INFO -          • educational_institutions: 0.9009
[2025-07-29T04:47:36.873+0000] {docker.py:438} INFO -
[2025-07-29T04:47:36.873+0000] {docker.py:438} INFO - 🔹 Period: post-pandemic
[2025-07-29T04:47:36.873+0000] {docker.py:438} INFO -    • Train shape: (7424, 60), Val shape: (2088, 60)
[2025-07-29T04:47:36.873+0000] {docker.py:438} INFO -    • Naive baseline...
[2025-07-29T04:47:36.874+0000] {docker.py:438} INFO -       ↳ Naive metrics: {'MAE': 2.190517189947983, 'RMSE': 5.375156934413652, 'SMAPE': np.float64(3.678417236973771)}
[2025-07-29T04:47:36.874+0000] {docker.py:438} INFO -    • Training XGBoost with Optuna...
[2025-07-29T04:47:36.874+0000] {docker.py:438} INFO -       ↳ XGBoost metrics: {'MAE': 4.380753094206845, 'RMSE': 7.118957233481445, 'SMAPE': np.float64(7.8700780145797085)}
[2025-07-29T04:47:36.874+0000] {docker.py:438} INFO -       ↳ Top 10 SHAP features:
[2025-07-29T04:47:36.874+0000] {docker.py:438} INFO -          • waste_management_recycling: 5.5624
[2025-07-29T04:47:36.874+0000] {docker.py:438} INFO -          • educational_institutions: 5.3267
[2025-07-29T04:47:36.874+0000] {docker.py:438} INFO -          • month_num: 3.4986
[2025-07-29T04:47:36.874+0000] {docker.py:438} INFO -          • pu_storage_eq: 1.8729
[2025-07-29T04:47:36.875+0000] {docker.py:438} INFO -          • hiking_outdoor_trailheads: 1.5519
[2025-07-29T04:47:36.875+0000] {docker.py:438} INFO -          • educational_support_research: 1.0566
[2025-07-29T04:47:36.875+0000] {docker.py:438} INFO -          • animal_veterinary_services: 0.8432
[2025-07-29T04:47:36.875+0000] {docker.py:438} INFO -          • huc: 0.8177
[2025-07-29T04:47:36.875+0000] {docker.py:438} INFO -          • parking_vehicle_services: 0.7267
[2025-07-29T04:47:36.875+0000] {docker.py:438} INFO -          • government_administrative_buildings: 0.6325
[2025-07-29T04:47:36.875+0000] {docker.py:438} INFO -
[2025-07-29T04:47:36.875+0000] {docker.py:438} INFO - ✅ All periods processed. Summary:
[2025-07-29T04:47:36.876+0000] {docker.py:438} INFO -                  naive_MAE  naive_RMSE  naive_SMAPE (%)  xgb_MAE  xgb_RMSE  xgb_SMAPE (%)
[2025-07-29T04:47:36.876+0000] {docker.py:438} INFO - pre-pandemic         2.021       5.758            3.385    6.080     9.969         11.134
[2025-07-29T04:47:36.876+0000] {docker.py:438} INFO - during-pandemic      1.499       3.510            2.439    3.415     4.939          6.105
[2025-07-29T04:47:36.876+0000] {docker.py:438} INFO - post-pandemic        2.191       5.375            3.678    4.381     7.119          7.870
[2025-07-29T04:47:36.876+0000] {docker.py:438} INFO -
[2025-07-29T04:47:36.876+0000] {docker.py:438} INFO - 🎉 Pipeline complete!
[2025-07-29T04:47:37.500+0000] {taskinstance.py:441} INFO - ::group::Post task execution logs
[2025-07-29T04:47:37.539+0000] {taskinstance.py:1206} INFO - Marking task as SUCCESS. dag_id=ml_pipeline_docker, task_id=run_pipeline, run_id=manual__2025-07-29T04:46:01.464331+00:00, execution_date=20250729T044601, start_date=20250729T044603, end_date=20250729T044737
[2025-07-29T04:47:37.589+0000] {local_task_job_runner.py:243} INFO - Task exited with return code 0
[2025-07-29T04:47:37.611+0000] {taskinstance.py:3503} INFO - 0 downstream tasks scheduled from follow-on schedule check
[2025-07-29T04:47:37.611+0000] {local_task_job_runner.py:222} INFO - ::endgroup::
