[2025-07-29T04:22:04.579+0000] {manager.py:470} INFO - Processing files using up to 2 processes at a time
[2025-07-29T04:22:04.580+0000] {manager.py:471} INFO - Process each file at most once every 30 seconds
[2025-07-29T04:22:04.580+0000] {manager.py:472} INFO - Checking for new files in /opt/airflow/dags every 300 seconds
[2025-07-29T04:22:04.581+0000] {manager.py:737} INFO - Searching for files in /opt/airflow/dags
[2025-07-29T04:22:04.582+0000] {manager.py:740} INFO - There are 0 files in /opt/airflow/dags
[2025-07-29T04:27:05.210+0000] {manager.py:737} INFO - Searching for files in /opt/airflow/dags
[2025-07-29T04:27:05.224+0000] {manager.py:740} INFO - There are 0 files in /opt/airflow/dags
[2025-07-29T04:32:05.269+0000] {manager.py:737} INFO - Searching for files in /opt/airflow/dags
[2025-07-29T04:32:05.286+0000] {manager.py:740} INFO - There are 1 files in /opt/airflow/dags
[2025-07-29T04:32:11.769+0000] {manager.py:878} INFO -
================================================================================
DAG File Processing Stats

File Path                                PID    Runtime      # DAGs    # Errors  Last Runtime    Last Run
---------------------------------------  -----  ---------  --------  ----------  --------------  -------------------
/opt/airflow/dags/ml_pipeline_docker.py                           0           1  0.11s           2025-07-29T04:32:05
================================================================================
[2025-07-29T04:32:42.173+0000] {manager.py:878} INFO -
================================================================================
DAG File Processing Stats

File Path                                PID    Runtime      # DAGs    # Errors  Last Runtime    Last Run
---------------------------------------  -----  ---------  --------  ----------  --------------  -------------------
/opt/airflow/dags/ml_pipeline_docker.py                           0           1  0.10s           2025-07-29T04:32:36
================================================================================
[2025-07-29T04:33:12.670+0000] {manager.py:878} INFO -
================================================================================
DAG File Processing Stats

File Path                                PID    Runtime      # DAGs    # Errors  Last Runtime    Last Run
---------------------------------------  -----  ---------  --------  ----------  --------------  -------------------
/opt/airflow/dags/ml_pipeline_docker.py                           0           1  0.10s           2025-07-29T04:33:06
================================================================================
[2025-07-29T04:33:43.050+0000] {manager.py:878} INFO -
================================================================================
DAG File Processing Stats

File Path                                PID    Runtime      # DAGs    # Errors  Last Runtime    Last Run
---------------------------------------  -----  ---------  --------  ----------  --------------  -------------------
/opt/airflow/dags/ml_pipeline_docker.py                           0           1  0.11s           2025-07-29T04:33:37
================================================================================
[2025-07-29T04:34:13.528+0000] {manager.py:878} INFO -
================================================================================
DAG File Processing Stats

File Path                                PID    Runtime      # DAGs    # Errors  Last Runtime    Last Run
---------------------------------------  -----  ---------  --------  ----------  --------------  -------------------
/opt/airflow/dags/ml_pipeline_docker.py                           0           1  0.12s           2025-07-29T04:34:07
================================================================================
[2025-07-29T04:34:43.985+0000] {manager.py:878} INFO -
================================================================================
DAG File Processing Stats

File Path                                PID    Runtime      # DAGs    # Errors  Last Runtime    Last Run
---------------------------------------  -----  ---------  --------  ----------  --------------  -------------------
/opt/airflow/dags/ml_pipeline_docker.py                           0           1  0.10s           2025-07-29T04:34:37
================================================================================
[2025-07-29T04:35:14.402+0000] {manager.py:878} INFO -
================================================================================
DAG File Processing Stats

File Path                                PID    Runtime      # DAGs    # Errors  Last Runtime    Last Run
---------------------------------------  -----  ---------  --------  ----------  --------------  -------------------
/opt/airflow/dags/ml_pipeline_docker.py                           0           1  0.10s           2025-07-29T04:35:08
================================================================================
[2025-07-29T04:35:44.846+0000] {manager.py:878} INFO -
================================================================================
DAG File Processing Stats

File Path                                PID    Runtime      # DAGs    # Errors  Last Runtime    Last Run
---------------------------------------  -----  ---------  --------  ----------  --------------  -------------------
/opt/airflow/dags/ml_pipeline_docker.py                           0           1  0.11s           2025-07-29T04:35:38
================================================================================
[2025-07-29T04:36:15.269+0000] {manager.py:878} INFO -
================================================================================
DAG File Processing Stats

File Path                                PID    Runtime      # DAGs    # Errors  Last Runtime    Last Run
---------------------------------------  -----  ---------  --------  ----------  --------------  -------------------
/opt/airflow/dags/ml_pipeline_docker.py                           0           1  0.12s           2025-07-29T04:36:09
================================================================================
[2025-07-29T04:36:45.662+0000] {manager.py:878} INFO -
================================================================================
DAG File Processing Stats

File Path                                PID    Runtime      # DAGs    # Errors  Last Runtime    Last Run
---------------------------------------  -----  ---------  --------  ----------  --------------  -------------------
/opt/airflow/dags/ml_pipeline_docker.py                           0           1  0.10s           2025-07-29T04:36:39
================================================================================
[2025-07-29T04:37:05.910+0000] {manager.py:737} INFO - Searching for files in /opt/airflow/dags
[2025-07-29T04:37:05.927+0000] {manager.py:740} INFO - There are 1 files in /opt/airflow/dags
[2025-07-29T04:37:16.115+0000] {manager.py:878} INFO -
================================================================================
DAG File Processing Stats

File Path                                PID    Runtime      # DAGs    # Errors  Last Runtime    Last Run
---------------------------------------  -----  ---------  --------  ----------  --------------  -------------------
/opt/airflow/dags/ml_pipeline_docker.py                           0           1  0.12s           2025-07-29T04:37:10
================================================================================
[2025-07-29T04:37:46.540+0000] {manager.py:878} INFO -
================================================================================
DAG File Processing Stats

File Path                                PID    Runtime      # DAGs    # Errors  Last Runtime    Last Run
---------------------------------------  -----  ---------  --------  ----------  --------------  -------------------
/opt/airflow/dags/ml_pipeline_docker.py                           0           1  0.11s           2025-07-29T04:37:40
================================================================================
[2025-07-29T04:37:51.194+0000] {manager.py:452} INFO - Exiting gracefully upon receiving signal 15
[2025-07-29T04:38:12.857+0000] {manager.py:470} INFO - Processing files using up to 2 processes at a time
[2025-07-29T04:38:12.865+0000] {manager.py:471} INFO - Process each file at most once every 30 seconds
[2025-07-29T04:38:12.869+0000] {manager.py:472} INFO - Checking for new files in /opt/airflow/dags every 300 seconds
[2025-07-29T04:38:12.879+0000] {manager.py:737} INFO - Searching for files in /opt/airflow/dags
[2025-07-29T04:38:12.882+0000] {manager.py:740} INFO - There are 1 files in /opt/airflow/dags
[2025-07-29T04:38:13.235+0000] {manager.py:878} INFO -
================================================================================
DAG File Processing Stats

File Path                                  PID  Runtime      # DAGs    # Errors  Last Runtime    Last Run
---------------------------------------  -----  ---------  --------  ----------  --------------  ----------
/opt/airflow/dags/ml_pipeline_docker.py    180  0.07s             0           0
================================================================================
[2025-07-29T04:38:43.672+0000] {manager.py:878} INFO -
================================================================================
DAG File Processing Stats

File Path                                  PID  Runtime      # DAGs    # Errors  Last Runtime    Last Run
---------------------------------------  -----  ---------  --------  ----------  --------------  -------------------
/opt/airflow/dags/ml_pipeline_docker.py    185  0.05s             0           1  0.08s           2025-07-29T04:38:13
================================================================================
[2025-07-29T04:39:14.089+0000] {manager.py:878} INFO -
================================================================================
DAG File Processing Stats

File Path                                  PID  Runtime      # DAGs    # Errors  Last Runtime    Last Run
---------------------------------------  -----  ---------  --------  ----------  --------------  -------------------
/opt/airflow/dags/ml_pipeline_docker.py    190  0.04s             0           1  0.13s           2025-07-29T04:38:43
================================================================================
[2025-07-29T04:39:44.517+0000] {manager.py:878} INFO -
================================================================================
DAG File Processing Stats

File Path                                  PID  Runtime      # DAGs    # Errors  Last Runtime    Last Run
---------------------------------------  -----  ---------  --------  ----------  --------------  -------------------
/opt/airflow/dags/ml_pipeline_docker.py    195  0.05s             0           1  0.11s           2025-07-29T04:39:14
================================================================================
[2025-07-29T04:40:14.996+0000] {manager.py:878} INFO -
================================================================================
DAG File Processing Stats

File Path                                  PID  Runtime      # DAGs    # Errors  Last Runtime    Last Run
---------------------------------------  -----  ---------  --------  ----------  --------------  -------------------
/opt/airflow/dags/ml_pipeline_docker.py    200  0.04s             0           1  0.12s           2025-07-29T04:39:44
================================================================================
[2025-07-29T04:40:45.429+0000] {manager.py:878} INFO -
================================================================================
DAG File Processing Stats

File Path                                  PID  Runtime      # DAGs    # Errors  Last Runtime    Last Run
---------------------------------------  -----  ---------  --------  ----------  --------------  -------------------
/opt/airflow/dags/ml_pipeline_docker.py    205  0.03s             0           1  0.11s           2025-07-29T04:40:15
================================================================================
[2025-07-29T04:41:15.817+0000] {manager.py:878} INFO -
================================================================================
DAG File Processing Stats

File Path                                  PID  Runtime      # DAGs    # Errors  Last Runtime    Last Run
---------------------------------------  -----  ---------  --------  ----------  --------------  -------------------
/opt/airflow/dags/ml_pipeline_docker.py    210  0.03s             0           1  0.11s           2025-07-29T04:40:45
================================================================================
[2025-07-29T04:41:46.268+0000] {manager.py:878} INFO -
================================================================================
DAG File Processing Stats

File Path                                  PID  Runtime      # DAGs    # Errors  Last Runtime    Last Run
---------------------------------------  -----  ---------  --------  ----------  --------------  -------------------
/opt/airflow/dags/ml_pipeline_docker.py    215  0.04s             0           1  0.11s           2025-07-29T04:41:15
================================================================================
[2025-07-29T04:42:17.103+0000] {manager.py:878} INFO -
================================================================================
DAG File Processing Stats

File Path                                  PID  Runtime      # DAGs    # Errors  Last Runtime    Last Run
---------------------------------------  -----  ---------  --------  ----------  --------------  -------------------
/opt/airflow/dags/ml_pipeline_docker.py    230  0.04s             1           0  0.15s           2025-07-29T04:42:05
================================================================================
[2025-07-29T04:42:47.523+0000] {manager.py:878} INFO -
================================================================================
DAG File Processing Stats

File Path                                  PID  Runtime      # DAGs    # Errors  Last Runtime    Last Run
---------------------------------------  -----  ---------  --------  ----------  --------------  -------------------
/opt/airflow/dags/ml_pipeline_docker.py    235  0.05s             1           0  0.15s           2025-07-29T04:42:17
================================================================================
[2025-07-29T04:43:13.872+0000] {manager.py:737} INFO - Searching for files in /opt/airflow/dags
[2025-07-29T04:43:13.887+0000] {manager.py:740} INFO - There are 1 files in /opt/airflow/dags
[2025-07-29T04:43:18.002+0000] {manager.py:878} INFO -
================================================================================
DAG File Processing Stats

File Path                                  PID  Runtime      # DAGs    # Errors  Last Runtime    Last Run
---------------------------------------  -----  ---------  --------  ----------  --------------  -------------------
/opt/airflow/dags/ml_pipeline_docker.py    240  0.04s             1           0  0.16s           2025-07-29T04:42:47
================================================================================
[2025-07-29T04:43:48.480+0000] {manager.py:878} INFO -
================================================================================
DAG File Processing Stats

File Path                                PID    Runtime      # DAGs    # Errors  Last Runtime    Last Run
---------------------------------------  -----  ---------  --------  ----------  --------------  -------------------
/opt/airflow/dags/ml_pipeline_docker.py                           1           0  0.14s           2025-07-29T04:43:47
================================================================================
[2025-07-29T04:43:56.776+0000] {manager.py:452} INFO - Exiting gracefully upon receiving signal 15
[2025-07-29T04:44:25.866+0000] {manager.py:470} INFO - Processing files using up to 2 processes at a time
[2025-07-29T04:44:25.868+0000] {manager.py:471} INFO - Process each file at most once every 30 seconds
[2025-07-29T04:44:25.869+0000] {manager.py:472} INFO - Checking for new files in /opt/airflow/dags every 300 seconds
[2025-07-29T04:44:25.869+0000] {manager.py:737} INFO - Searching for files in /opt/airflow/dags
[2025-07-29T04:44:25.871+0000] {manager.py:740} INFO - There are 1 files in /opt/airflow/dags
[2025-07-29T04:44:26.169+0000] {manager.py:878} INFO -
================================================================================
DAG File Processing Stats

File Path                                  PID  Runtime      # DAGs    # Errors  Last Runtime    Last Run
---------------------------------------  -----  ---------  --------  ----------  --------------  ----------
/opt/airflow/dags/ml_pipeline_docker.py    180  0.03s             0           0
================================================================================
[2025-07-29T04:44:56.558+0000] {manager.py:878} INFO -
================================================================================
DAG File Processing Stats

File Path                                  PID  Runtime      # DAGs    # Errors  Last Runtime    Last Run
---------------------------------------  -----  ---------  --------  ----------  --------------  -------------------
/opt/airflow/dags/ml_pipeline_docker.py    185  0.04s             1           0  0.10s           2025-07-29T04:44:26
================================================================================
[2025-07-29T04:45:26.884+0000] {manager.py:878} INFO -
================================================================================
DAG File Processing Stats

File Path                                  PID  Runtime      # DAGs    # Errors  Last Runtime    Last Run
---------------------------------------  -----  ---------  --------  ----------  --------------  -------------------
/opt/airflow/dags/ml_pipeline_docker.py    190  0.03s             1           0  0.17s           2025-07-29T04:44:56
================================================================================
[2025-07-29T04:45:57.232+0000] {manager.py:878} INFO -
================================================================================
DAG File Processing Stats

File Path                                  PID  Runtime      # DAGs    # Errors  Last Runtime    Last Run
---------------------------------------  -----  ---------  --------  ----------  --------------  -------------------
/opt/airflow/dags/ml_pipeline_docker.py    195  0.04s             1           0  0.13s           2025-07-29T04:45:26
================================================================================
[2025-07-29T04:46:27.570+0000] {manager.py:878} INFO -
================================================================================
DAG File Processing Stats

File Path                                  PID  Runtime      # DAGs    # Errors  Last Runtime    Last Run
---------------------------------------  -----  ---------  --------  ----------  --------------  -------------------
/opt/airflow/dags/ml_pipeline_docker.py    202  0.02s             1           0  0.14s           2025-07-29T04:45:57
================================================================================
[2025-07-29T04:46:57.735+0000] {manager.py:878} INFO -
================================================================================
DAG File Processing Stats

File Path                                PID    Runtime      # DAGs    # Errors  Last Runtime    Last Run
---------------------------------------  -----  ---------  --------  ----------  --------------  -------------------
/opt/airflow/dags/ml_pipeline_docker.py                           1           0  0.38s           2025-07-29T04:46:27
================================================================================
[2025-07-29T04:47:28.285+0000] {manager.py:878} INFO -
================================================================================
DAG File Processing Stats

File Path                                  PID  Runtime      # DAGs    # Errors  Last Runtime    Last Run
---------------------------------------  -----  ---------  --------  ----------  --------------  -------------------
/opt/airflow/dags/ml_pipeline_docker.py    212  0.02s             1           0  0.15s           2025-07-29T04:46:58
================================================================================
[2025-07-29T04:47:58.730+0000] {manager.py:878} INFO -
================================================================================
DAG File Processing Stats

File Path                                  PID  Runtime      # DAGs    # Errors  Last Runtime    Last Run
---------------------------------------  -----  ---------  --------  ----------  --------------  -------------------
/opt/airflow/dags/ml_pipeline_docker.py    217  0.05s             1           0  0.12s           2025-07-29T04:47:28
================================================================================
[2025-07-29T04:48:29.158+0000] {manager.py:878} INFO -
================================================================================
DAG File Processing Stats

File Path                                  PID  Runtime      # DAGs    # Errors  Last Runtime    Last Run
---------------------------------------  -----  ---------  --------  ----------  --------------  -------------------
/opt/airflow/dags/ml_pipeline_docker.py    222  0.04s             1           0  0.18s           2025-07-29T04:47:58
================================================================================
[2025-07-29T04:48:59.600+0000] {manager.py:878} INFO -
================================================================================
DAG File Processing Stats

File Path                                  PID  Runtime      # DAGs    # Errors  Last Runtime    Last Run
---------------------------------------  -----  ---------  --------  ----------  --------------  -------------------
/opt/airflow/dags/ml_pipeline_docker.py    227  0.05s             1           0  0.16s           2025-07-29T04:48:29
================================================================================
[2025-07-29T04:49:25.871+0000] {manager.py:737} INFO - Searching for files in /opt/airflow/dags
[2025-07-29T04:49:25.883+0000] {manager.py:740} INFO - There are 1 files in /opt/airflow/dags
[2025-07-29T04:49:29.919+0000] {manager.py:878} INFO -
================================================================================
DAG File Processing Stats

File Path                                  PID  Runtime      # DAGs    # Errors  Last Runtime    Last Run
---------------------------------------  -----  ---------  --------  ----------  --------------  -------------------
/opt/airflow/dags/ml_pipeline_docker.py    232  0.03s             1           0  0.15s           2025-07-29T04:48:59
================================================================================
[2025-07-29T04:50:00.324+0000] {manager.py:878} INFO -
================================================================================
DAG File Processing Stats

File Path                                  PID  Runtime      # DAGs    # Errors  Last Runtime    Last Run
---------------------------------------  -----  ---------  --------  ----------  --------------  -------------------
/opt/airflow/dags/ml_pipeline_docker.py    237  0.05s             1           0  0.16s           2025-07-29T04:49:30
================================================================================
[2025-07-29T04:50:30.750+0000] {manager.py:878} INFO -
================================================================================
DAG File Processing Stats

File Path                                  PID  Runtime      # DAGs    # Errors  Last Runtime    Last Run
---------------------------------------  -----  ---------  --------  ----------  --------------  -------------------
/opt/airflow/dags/ml_pipeline_docker.py    242  0.03s             1           0  0.18s           2025-07-29T04:50:00
================================================================================
[2025-07-29T04:51:01.229+0000] {manager.py:878} INFO -
================================================================================
DAG File Processing Stats

File Path                                  PID  Runtime      # DAGs    # Errors  Last Runtime    Last Run
---------------------------------------  -----  ---------  --------  ----------  --------------  -------------------
/opt/airflow/dags/ml_pipeline_docker.py    247  0.04s             1           0  0.15s           2025-07-29T04:50:30
================================================================================
[2025-07-29T04:51:31.614+0000] {manager.py:878} INFO -
================================================================================
DAG File Processing Stats

File Path                                  PID  Runtime      # DAGs    # Errors  Last Runtime    Last Run
---------------------------------------  -----  ---------  --------  ----------  --------------  -------------------
/opt/airflow/dags/ml_pipeline_docker.py    252  0.04s             1           0  0.17s           2025-07-29T04:51:01
================================================================================
[2025-07-29T04:52:02.070+0000] {manager.py:878} INFO -
================================================================================
DAG File Processing Stats

File Path                                  PID  Runtime      # DAGs    # Errors  Last Runtime    Last Run
---------------------------------------  -----  ---------  --------  ----------  --------------  -------------------
/opt/airflow/dags/ml_pipeline_docker.py    257  0.04s             1           0  0.16s           2025-07-29T04:51:31
================================================================================
